<?xml version="1.0" encoding="UTF-8"?>
<testsuite name="br.com.cafebinario.register.validator.test.UserVOValidatorTest" tests="2" skipped="0" failures="0" errors="0" timestamp="2016-08-10T02:09:45" hostname="BLUEONYOU-VAIO" time="0.101">
  <properties/>
  <testcase name="test" classname="br.com.cafebinario.register.validator.test.UserVOValidatorTest" time="0.027"/>
  <testcase name="testInvalid" classname="br.com.cafebinario.register.validator.test.UserVOValidatorTest" time="0.073"/>
  <system-out><![CDATA[2016-08-09 23:09:45.883  INFO 10544 --- [    Test worker] .b.t.c.SpringBootTestContextBootstrapper : Neither @ContextConfiguration nor @ContextHierarchy found for test class [br.com.cafebinario.register.validator.test.UserVOValidatorTest], using SpringBootContextLoader
2016-08-09 23:09:45.884  INFO 10544 --- [    Test worker] o.s.t.c.support.AbstractContextLoader    : Could not detect default resource locations for test class [br.com.cafebinario.register.validator.test.UserVOValidatorTest]: no resource found for suffixes {-context.xml, Context.groovy}.
2016-08-09 23:09:45.889  INFO 10544 --- [    Test worker] .b.t.c.SpringBootTestContextBootstrapper : Loaded default TestExecutionListener class names from location [META-INF/spring.factories]: [org.springframework.boot.test.mock.mockito.MockitoTestExecutionListener, org.springframework.boot.test.mock.mockito.ResetMocksTestExecutionListener, org.springframework.boot.test.autoconfigure.AutoConfigureReportTestExecutionListener, org.springframework.boot.test.autoconfigure.restdocs.RestDocsTestExecutionListener, org.springframework.boot.test.autoconfigure.web.client.MockRestServiceServerResetTestExecutionListener, org.springframework.test.context.web.ServletTestExecutionListener, org.springframework.test.context.support.DirtiesContextBeforeModesTestExecutionListener, org.springframework.test.context.support.DependencyInjectionTestExecutionListener, org.springframework.test.context.support.DirtiesContextTestExecutionListener, org.springframework.test.context.transaction.TransactionalTestExecutionListener, org.springframework.test.context.jdbc.SqlScriptsTestExecutionListener]
2016-08-09 23:09:45.890  INFO 10544 --- [    Test worker] .b.t.c.SpringBootTestContextBootstrapper : Using TestExecutionListeners: [org.springframework.test.context.web.ServletTestExecutionListener@5e2454fb, org.springframework.test.context.support.DirtiesContextBeforeModesTestExecutionListener@2d985ce2, org.springframework.boot.test.autoconfigure.AutoConfigureReportTestExecutionListener@65e7bda7, org.springframework.test.context.support.DependencyInjectionTestExecutionListener@216b6e9d, org.springframework.test.context.support.DirtiesContextTestExecutionListener@5d1475c7, org.springframework.test.context.transaction.TransactionalTestExecutionListener@32044dcb, org.springframework.test.context.jdbc.SqlScriptsTestExecutionListener@6ad6c4a9, org.springframework.boot.test.autoconfigure.restdocs.RestDocsTestExecutionListener@103340e8, org.springframework.boot.test.mock.mockito.MockitoTestExecutionListener@6e77b564, org.springframework.boot.test.mock.mockito.ResetMocksTestExecutionListener@7e0dd774, org.springframework.boot.test.autoconfigure.web.client.MockRestServiceServerResetTestExecutionListener@22a2b790]
RootBeanNewUserVO [domain=null, email=null, nick=null, chanllerger=null]
InvalidValue=null
Message=invalid blank value
-----------------------------------
RootBeanNewUserVO [domain=null, email=null, nick=null, chanllerger=null]
InvalidValue=null
Message=invalid blank value
-----------------------------------
RootBeanNewUserVO [domain=null, email=null, nick=null, chanllerger=null]
InvalidValue=null
Message=invalid blank value
-----------------------------------
RootBeanNewUserVO [domain=null, email=null, nick=null, chanllerger=null]
InvalidValue=null
Message=invalid value null, expected Integer
-----------------------------------
RootBeanNewUserVO [domain=null, email=null, nick=null, chanllerger=null]
InvalidValue=null
Message=invalid blank value
-----------------------------------
]]></system-out>
  <system-err><![CDATA[]]></system-err>
</testsuite>
