<?xml version="1.0" encoding="UTF-8"?>
<testsuite name="br.com.cafebinario.register.rules.test.ConfimUserRegisterTest" tests="1" skipped="0" failures="0" errors="0" timestamp="2016-08-10T02:09:31" hostname="BLUEONYOU-VAIO" time="0.04">
  <properties/>
  <testcase name="test" classname="br.com.cafebinario.register.rules.test.ConfimUserRegisterTest" time="0.04"/>
  <system-out><![CDATA[23:09:23.255 [Test worker] DEBUG org.springframework.test.context.junit4.SpringJUnit4ClassRunner - SpringJUnit4ClassRunner constructor called with [class br.com.cafebinario.register.rules.test.ConfimUserRegisterTest]
23:09:23.262 [Test worker] DEBUG org.springframework.test.context.BootstrapUtils - Instantiating CacheAwareContextLoaderDelegate from class [org.springframework.test.context.cache.DefaultCacheAwareContextLoaderDelegate]
23:09:23.272 [Test worker] DEBUG org.springframework.test.context.BootstrapUtils - Instantiating BootstrapContext using constructor [public org.springframework.test.context.support.DefaultBootstrapContext(java.lang.Class,org.springframework.test.context.CacheAwareContextLoaderDelegate)]
23:09:23.287 [Test worker] DEBUG org.springframework.test.context.BootstrapUtils - Instantiating TestContextBootstrapper for test class [br.com.cafebinario.register.rules.test.ConfimUserRegisterTest] from class [org.springframework.boot.test.context.SpringBootTestContextBootstrapper]
23:09:23.303 [Test worker] INFO org.springframework.boot.test.context.SpringBootTestContextBootstrapper - Neither @ContextConfiguration nor @ContextHierarchy found for test class [br.com.cafebinario.register.rules.test.ConfimUserRegisterTest], using SpringBootContextLoader
23:09:23.309 [Test worker] DEBUG org.springframework.test.context.support.AbstractContextLoader - Did not detect default resource location for test class [br.com.cafebinario.register.rules.test.ConfimUserRegisterTest]: class path resource [br/com/cafebinario/register/rules/test/ConfimUserRegisterTest-context.xml] does not exist
23:09:23.309 [Test worker] DEBUG org.springframework.test.context.support.AbstractContextLoader - Did not detect default resource location for test class [br.com.cafebinario.register.rules.test.ConfimUserRegisterTest]: class path resource [br/com/cafebinario/register/rules/test/ConfimUserRegisterTestContext.groovy] does not exist
23:09:23.310 [Test worker] INFO org.springframework.test.context.support.AbstractContextLoader - Could not detect default resource locations for test class [br.com.cafebinario.register.rules.test.ConfimUserRegisterTest]: no resource found for suffixes {-context.xml, Context.groovy}.
23:09:23.363 [Test worker] DEBUG org.springframework.test.context.support.ActiveProfilesUtils - Could not find an 'annotation declaring class' for annotation type [org.springframework.test.context.ActiveProfiles] and class [br.com.cafebinario.register.rules.test.ConfimUserRegisterTest]
23:09:23.405 [Test worker] DEBUG org.springframework.boot.test.context.SpringBootTestContextBootstrapper - @TestExecutionListeners is not present for class [br.com.cafebinario.register.rules.test.ConfimUserRegisterTest]: using defaults.
23:09:23.409 [Test worker] INFO org.springframework.boot.test.context.SpringBootTestContextBootstrapper - Loaded default TestExecutionListener class names from location [META-INF/spring.factories]: [org.springframework.boot.test.mock.mockito.MockitoTestExecutionListener, org.springframework.boot.test.mock.mockito.ResetMocksTestExecutionListener, org.springframework.boot.test.autoconfigure.AutoConfigureReportTestExecutionListener, org.springframework.boot.test.autoconfigure.restdocs.RestDocsTestExecutionListener, org.springframework.boot.test.autoconfigure.web.client.MockRestServiceServerResetTestExecutionListener, org.springframework.test.context.web.ServletTestExecutionListener, org.springframework.test.context.support.DirtiesContextBeforeModesTestExecutionListener, org.springframework.test.context.support.DependencyInjectionTestExecutionListener, org.springframework.test.context.support.DirtiesContextTestExecutionListener, org.springframework.test.context.transaction.TransactionalTestExecutionListener, org.springframework.test.context.jdbc.SqlScriptsTestExecutionListener]
23:09:23.424 [Test worker] INFO org.springframework.boot.test.context.SpringBootTestContextBootstrapper - Using TestExecutionListeners: [org.springframework.test.context.web.ServletTestExecutionListener@200dbb16, org.springframework.test.context.support.DirtiesContextBeforeModesTestExecutionListener@3319cac7, org.springframework.boot.test.autoconfigure.AutoConfigureReportTestExecutionListener@70306610, org.springframework.test.context.support.DependencyInjectionTestExecutionListener@4895d138, org.springframework.test.context.support.DirtiesContextTestExecutionListener@50d0637, org.springframework.test.context.transaction.TransactionalTestExecutionListener@78bfbba3, org.springframework.test.context.jdbc.SqlScriptsTestExecutionListener@b4c4242, org.springframework.boot.test.autoconfigure.restdocs.RestDocsTestExecutionListener@6db64e02, org.springframework.boot.test.mock.mockito.MockitoTestExecutionListener@e7d13d, org.springframework.boot.test.mock.mockito.ResetMocksTestExecutionListener@5800021, org.springframework.boot.test.autoconfigure.web.client.MockRestServiceServerResetTestExecutionListener@6cb71c81]
23:09:23.427 [Test worker] DEBUG org.springframework.test.annotation.ProfileValueUtils - Retrieved @ProfileValueSourceConfiguration [null] for test class [br.com.cafebinario.register.rules.test.ConfimUserRegisterTest]
23:09:23.428 [Test worker] DEBUG org.springframework.test.annotation.ProfileValueUtils - Retrieved ProfileValueSource type [class org.springframework.test.annotation.SystemProfileValueSource] for class [br.com.cafebinario.register.rules.test.ConfimUserRegisterTest]
23:09:23.428 [Test worker] DEBUG org.springframework.test.annotation.ProfileValueUtils - Retrieved @ProfileValueSourceConfiguration [null] for test class [br.com.cafebinario.register.rules.test.ConfimUserRegisterTest]
23:09:23.429 [Test worker] DEBUG org.springframework.test.annotation.ProfileValueUtils - Retrieved ProfileValueSource type [class org.springframework.test.annotation.SystemProfileValueSource] for class [br.com.cafebinario.register.rules.test.ConfimUserRegisterTest]
23:09:23.432 [Test worker] DEBUG org.springframework.test.context.support.AbstractDirtiesContextTestExecutionListener - Before test class: context [DefaultTestContext@1f85b948 testClass = ConfimUserRegisterTest, testInstance = [null], testMethod = [null], testException = [null], mergedContextConfiguration = [WebMergedContextConfiguration@1fa3d0fa testClass = ConfimUserRegisterTest, locations = '{}', classes = '{class br.com.cafebinario.main.Main, class br.com.cafebinario.main.Main}', contextInitializerClasses = '[]', activeProfiles = '{}', propertySourceLocations = '{}', propertySourceProperties = '{org.springframework.boot.test.context.SpringBootTestContextBootstrapper=true}', contextCustomizers = set[org.springframework.boot.test.context.SpringBootTestContextCustomizer@3bc995b4, org.springframework.boot.test.context.filter.ExcludeFilterContextCustomizer@9d63aa3, org.springframework.boot.test.mock.mockito.MockitoContextCustomizer@aefdb497, org.springframework.boot.test.autoconfigure.properties.PropertyMappingContextCustomizer@0], resourceBasePath = 'src/main/webapp', contextLoader = 'org.springframework.boot.test.context.SpringBootContextLoader', parent = [null]]], class annotated with @DirtiesContext [false] with mode [null].
23:09:23.433 [Test worker] DEBUG org.springframework.test.annotation.ProfileValueUtils - Retrieved @ProfileValueSourceConfiguration [null] for test class [br.com.cafebinario.register.rules.test.ConfimUserRegisterTest]
23:09:23.433 [Test worker] DEBUG org.springframework.test.annotation.ProfileValueUtils - Retrieved ProfileValueSource type [class org.springframework.test.annotation.SystemProfileValueSource] for class [br.com.cafebinario.register.rules.test.ConfimUserRegisterTest]
23:09:23.547 [Test worker] DEBUG org.springframework.core.env.StandardEnvironment - Adding [systemProperties] PropertySource with lowest search precedence
23:09:23.549 [Test worker] DEBUG org.springframework.core.env.StandardEnvironment - Adding [systemEnvironment] PropertySource with lowest search precedence
23:09:23.549 [Test worker] DEBUG org.springframework.core.env.StandardEnvironment - Initialized StandardEnvironment with PropertySources [systemProperties,systemEnvironment]
23:09:23.550 [Test worker] DEBUG org.springframework.test.context.support.TestPropertySourceUtils - Adding inlined properties to environment: {spring.jmx.enabled=false, org.springframework.boot.test.context.SpringBootTestContextBootstrapper=true, server.port=-1}
23:09:23.550 [Test worker] DEBUG org.springframework.core.env.StandardEnvironment - Adding [Inlined Test Properties] PropertySource with highest search precedence

  .   ____          _            __ _ _
 /\\ / ___'_ __ _ _(_)_ __  __ _ \ \ \ \
( ( )\___ | '_ | '_| | '_ \/ _` | \ \ \ \
 \\/  ___)| |_)| | | | | || (_| |  ) ) ) )
  '  |____| .__|_| |_|_| |_\__, | / / / /
 =========|_|==============|___/=/_/_/_/
 :: Spring Boot ::        (v1.4.0.RELEASE)

2016-08-09 23:09:24.088  INFO 10544 --- [    Test worker] b.c.c.r.r.test.ConfimUserRegisterTest    : Starting ConfimUserRegisterTest on BLUEONYOU-VAIO with PID 10544 (started by Alexandre in C:\workspace_neon\cafebinario-register)
2016-08-09 23:09:24.089  INFO 10544 --- [    Test worker] b.c.c.r.r.test.ConfimUserRegisterTest    : No active profile set, falling back to default profiles: default
2016-08-09 23:09:24.146  INFO 10544 --- [    Test worker] o.s.w.c.s.GenericWebApplicationContext   : Refreshing org.springframework.web.context.support.GenericWebApplicationContext@257f9615: startup date [Tue Aug 09 23:09:24 BRT 2016]; root of context hierarchy
2016-08-09 23:09:26.189  INFO 10544 --- [    Test worker] o.s.b.f.s.DefaultListableBeanFactory     : Overriding bean definition for bean 'findUserBySecureKeyRules' with a different definition: replacing [Generic bean: class [br.com.cafebinario.register.rules.FindUserBySecureKeyRules]; scope=singleton; abstract=false; lazyInit=false; autowireMode=0; dependencyCheck=0; autowireCandidate=true; primary=false; factoryBeanName=null; factoryMethodName=null; initMethodName=null; destroyMethodName=null; defined in file [C:\workspace_neon\cafebinario-register\build\classes\main\br\com\cafebinario\register\rules\FindUserBySecureKeyRules.class]] with [Root bean: class [br.com.cafebinario.register.rules.FindUserBySecureKeyRules]; scope=; abstract=false; lazyInit=false; autowireMode=0; dependencyCheck=0; autowireCandidate=true; primary=false; factoryBeanName=org.springframework.boot.test.mock.mockito.MockitoPostProcessor; factoryMethodName=createMock; initMethodName=null; destroyMethodName=null]
2016-08-09 23:09:26.361  INFO 10544 --- [    Test worker] trationDelegate$BeanPostProcessorChecker : Bean 'org.springframework.transaction.annotation.ProxyTransactionManagementConfiguration' of type [class org.springframework.transaction.annotation.ProxyTransactionManagementConfiguration$$EnhancerBySpringCGLIB$$2ede8f97] is not eligible for getting processed by all BeanPostProcessors (for example: not eligible for auto-proxying)
2016-08-09 23:09:27.029  INFO 10544 --- [    Test worker] j.LocalContainerEntityManagerFactoryBean : Building JPA container EntityManagerFactory for persistence unit 'default'
2016-08-09 23:09:27.056  INFO 10544 --- [    Test worker] o.hibernate.jpa.internal.util.LogHelper  : HHH000204: Processing PersistenceUnitInfo [
	name: default
	...]
2016-08-09 23:09:27.141  INFO 10544 --- [    Test worker] org.hibernate.Version                    : HHH000412: Hibernate Core {5.0.9.Final}
2016-08-09 23:09:27.143  INFO 10544 --- [    Test worker] org.hibernate.cfg.Environment            : HHH000206: hibernate.properties not found
2016-08-09 23:09:27.145  INFO 10544 --- [    Test worker] org.hibernate.cfg.Environment            : HHH000021: Bytecode provider name : javassist
2016-08-09 23:09:27.215  INFO 10544 --- [    Test worker] o.hibernate.annotations.common.Version   : HCANN000001: Hibernate Commons Annotations {5.0.1.Final}
2016-08-09 23:09:28.348  INFO 10544 --- [    Test worker] org.hibernate.dialect.Dialect            : HHH000400: Using dialect: org.hibernate.dialect.Oracle10gDialect
2016-08-09 23:09:28.968  INFO 10544 --- [    Test worker] org.hibernate.tool.hbm2ddl.SchemaExport  : HHH000227: Running hbm2ddl schema export
2016-08-09 23:09:28.974 ERROR 10544 --- [    Test worker] org.hibernate.tool.hbm2ddl.SchemaExport  : HHH000389: Unsuccessful: drop table user_account cascade constraints
2016-08-09 23:09:28.974 ERROR 10544 --- [    Test worker] org.hibernate.tool.hbm2ddl.SchemaExport  : ORA-00942: a tabela ou view nÃ£o existe

2016-08-09 23:09:29.028  INFO 10544 --- [    Test worker] org.hibernate.tool.hbm2ddl.SchemaExport  : HHH000230: Schema export complete
2016-08-09 23:09:29.064  INFO 10544 --- [    Test worker] j.LocalContainerEntityManagerFactoryBean : Initialized JPA EntityManagerFactory for persistence unit 'default'
2016-08-09 23:09:29.382  INFO 10544 --- [    Test worker] o.h.h.i.QueryTranslatorFactoryInitiator  : HHH000397: Using ASTQueryTranslatorFactory
2016-08-09 23:09:30.599  INFO 10544 --- [    Test worker] s.w.s.m.m.a.RequestMappingHandlerAdapter : Looking for @ControllerAdvice: org.springframework.web.context.support.GenericWebApplicationContext@257f9615: startup date [Tue Aug 09 23:09:24 BRT 2016]; root of context hierarchy
2016-08-09 23:09:30.685  INFO 10544 --- [    Test worker] s.w.s.m.m.a.RequestMappingHandlerMapping : Mapped "{[/register/new],methods=[POST],consumes=[application/json],produces=[application/json]}" onto public br.com.cafebinario.register.vo.result.ResultVO br.com.cafebinario.register.controller.UserRegistrerController.userRegister(br.com.cafebinario.register.vo.NewUserVO)
2016-08-09 23:09:30.686  INFO 10544 --- [    Test worker] s.w.s.m.m.a.RequestMappingHandlerMapping : Mapped "{[/register/confirm],methods=[PUT]}" onto public void br.com.cafebinario.register.controller.UserRegistrerController.confirmRegister(java.lang.String) throws br.com.cafebinario.exception.ConfirmUserException
2016-08-09 23:09:30.686  INFO 10544 --- [    Test worker] s.w.s.m.m.a.RequestMappingHandlerMapping : Mapped "{[/register/authentication],methods=[POST],consumes=[application/json],produces=[application/json]}" onto public br.com.cafebinario.register.vo.result.ResultVO br.com.cafebinario.register.controller.UserRegistrerController.userAuthentication(br.com.cafebinario.register.vo.UserAuthenticationVO)
2016-08-09 23:09:30.687  INFO 10544 --- [    Test worker] s.w.s.m.m.a.RequestMappingHandlerMapping : Mapped "{[/register],methods=[GET],produces=[application/json]}" onto public br.com.cafebinario.register.vo.result.UserListResultVO br.com.cafebinario.register.controller.UserRegistrerController.lastedTenRegisters()
2016-08-09 23:09:30.690  INFO 10544 --- [    Test worker] s.w.s.m.m.a.RequestMappingHandlerMapping : Mapped "{[/error]}" onto public org.springframework.http.ResponseEntity<java.util.Map<java.lang.String, java.lang.Object>> org.springframework.boot.autoconfigure.web.BasicErrorController.error(javax.servlet.http.HttpServletRequest)
2016-08-09 23:09:30.690  INFO 10544 --- [    Test worker] s.w.s.m.m.a.RequestMappingHandlerMapping : Mapped "{[/error],produces=[text/html]}" onto public org.springframework.web.servlet.ModelAndView org.springframework.boot.autoconfigure.web.BasicErrorController.errorHtml(javax.servlet.http.HttpServletRequest,javax.servlet.http.HttpServletResponse)
2016-08-09 23:09:30.738  INFO 10544 --- [    Test worker] o.s.w.s.handler.SimpleUrlHandlerMapping  : Mapped URL path [/webjars/**] onto handler of type [class org.springframework.web.servlet.resource.ResourceHttpRequestHandler]
2016-08-09 23:09:30.738  INFO 10544 --- [    Test worker] o.s.w.s.handler.SimpleUrlHandlerMapping  : Mapped URL path [/**] onto handler of type [class org.springframework.web.servlet.resource.ResourceHttpRequestHandler]
2016-08-09 23:09:30.823  INFO 10544 --- [    Test worker] o.s.w.s.handler.SimpleUrlHandlerMapping  : Mapped URL path [/**/favicon.ico] onto handler of type [class org.springframework.web.servlet.resource.ResourceHttpRequestHandler]
2016-08-09 23:09:31.219  INFO 10544 --- [    Test worker] b.c.c.r.r.test.ConfimUserRegisterTest    : Started ConfimUserRegisterTest in 7.638 seconds (JVM running for 8.757)
]]></system-out>
  <system-err><![CDATA[]]></system-err>
</testsuite>
