<?xml version="1.0" encoding="UTF-8"?>
<testsuite name="br.com.cafebinario.register.rules.test.EncriptyDecryptDataTest" tests="1" skipped="0" failures="0" errors="0" timestamp="2016-08-10T02:09:33" hostname="BLUEONYOU-VAIO" time="0.012">
  <properties/>
  <testcase name="test" classname="br.com.cafebinario.register.rules.test.EncriptyDecryptDataTest" time="0.012"/>
  <system-out><![CDATA[2016-08-09 23:09:33.859  INFO 10544 --- [    Test worker] .b.t.c.SpringBootTestContextBootstrapper : Neither @ContextConfiguration nor @ContextHierarchy found for test class [br.com.cafebinario.register.rules.test.EncriptyDecryptDataTest], using SpringBootContextLoader
2016-08-09 23:09:33.861  INFO 10544 --- [    Test worker] o.s.t.c.support.AbstractContextLoader    : Could not detect default resource locations for test class [br.com.cafebinario.register.rules.test.EncriptyDecryptDataTest]: no resource found for suffixes {-context.xml, Context.groovy}.
2016-08-09 23:09:33.868  INFO 10544 --- [    Test worker] .b.t.c.SpringBootTestContextBootstrapper : Loaded default TestExecutionListener class names from location [META-INF/spring.factories]: [org.springframework.boot.test.mock.mockito.MockitoTestExecutionListener, org.springframework.boot.test.mock.mockito.ResetMocksTestExecutionListener, org.springframework.boot.test.autoconfigure.AutoConfigureReportTestExecutionListener, org.springframework.boot.test.autoconfigure.restdocs.RestDocsTestExecutionListener, org.springframework.boot.test.autoconfigure.web.client.MockRestServiceServerResetTestExecutionListener, org.springframework.test.context.web.ServletTestExecutionListener, org.springframework.test.context.support.DirtiesContextBeforeModesTestExecutionListener, org.springframework.test.context.support.DependencyInjectionTestExecutionListener, org.springframework.test.context.support.DirtiesContextTestExecutionListener, org.springframework.test.context.transaction.TransactionalTestExecutionListener, org.springframework.test.context.jdbc.SqlScriptsTestExecutionListener]
2016-08-09 23:09:33.871  INFO 10544 --- [    Test worker] .b.t.c.SpringBootTestContextBootstrapper : Using TestExecutionListeners: [org.springframework.test.context.web.ServletTestExecutionListener@77124449, org.springframework.test.context.support.DirtiesContextBeforeModesTestExecutionListener@2bcc885c, org.springframework.boot.test.autoconfigure.AutoConfigureReportTestExecutionListener@10a44091, org.springframework.test.context.support.DependencyInjectionTestExecutionListener@69d52003, org.springframework.test.context.support.DirtiesContextTestExecutionListener@c80017c, org.springframework.test.context.transaction.TransactionalTestExecutionListener@4341f6d8, org.springframework.test.context.jdbc.SqlScriptsTestExecutionListener@71d386e9, org.springframework.boot.test.autoconfigure.restdocs.RestDocsTestExecutionListener@314675e8, org.springframework.boot.test.mock.mockito.MockitoTestExecutionListener@3d41095d, org.springframework.boot.test.mock.mockito.ResetMocksTestExecutionListener@717acf1b, org.springframework.boot.test.autoconfigure.web.client.MockRestServiceServerResetTestExecutionListener@1cf3fb13]
]]></system-out>
  <system-err><![CDATA[]]></system-err>
</testsuite>
