<?xml version="1.0" encoding="UTF-8"?>
<testsuite name="br.com.cafebinario.register.rules.test.VerifyExistUserTest" tests="3" skipped="0" failures="0" errors="0" timestamp="2016-08-10T02:09:39" hostname="BLUEONYOU-VAIO" time="0.074">
  <properties/>
  <testcase name="testNull" classname="br.com.cafebinario.register.rules.test.VerifyExistUserTest" time="0.005"/>
  <testcase name="testNickAndSecureKey" classname="br.com.cafebinario.register.rules.test.VerifyExistUserTest" time="0.062"/>
  <testcase name="testSpaces" classname="br.com.cafebinario.register.rules.test.VerifyExistUserTest" time="0.003"/>
  <system-out><![CDATA[2016-08-09 23:09:39.605  INFO 10544 --- [    Test worker] .b.t.c.SpringBootTestContextBootstrapper : Neither @ContextConfiguration nor @ContextHierarchy found for test class [br.com.cafebinario.register.rules.test.VerifyExistUserTest], using SpringBootContextLoader
2016-08-09 23:09:39.606  INFO 10544 --- [    Test worker] o.s.t.c.support.AbstractContextLoader    : Could not detect default resource locations for test class [br.com.cafebinario.register.rules.test.VerifyExistUserTest]: no resource found for suffixes {-context.xml, Context.groovy}.
2016-08-09 23:09:39.615  INFO 10544 --- [    Test worker] .b.t.c.SpringBootTestContextBootstrapper : Loaded default TestExecutionListener class names from location [META-INF/spring.factories]: [org.springframework.boot.test.mock.mockito.MockitoTestExecutionListener, org.springframework.boot.test.mock.mockito.ResetMocksTestExecutionListener, org.springframework.boot.test.autoconfigure.AutoConfigureReportTestExecutionListener, org.springframework.boot.test.autoconfigure.restdocs.RestDocsTestExecutionListener, org.springframework.boot.test.autoconfigure.web.client.MockRestServiceServerResetTestExecutionListener, org.springframework.test.context.web.ServletTestExecutionListener, org.springframework.test.context.support.DirtiesContextBeforeModesTestExecutionListener, org.springframework.test.context.support.DependencyInjectionTestExecutionListener, org.springframework.test.context.support.DirtiesContextTestExecutionListener, org.springframework.test.context.transaction.TransactionalTestExecutionListener, org.springframework.test.context.jdbc.SqlScriptsTestExecutionListener]
2016-08-09 23:09:39.617  INFO 10544 --- [    Test worker] .b.t.c.SpringBootTestContextBootstrapper : Using TestExecutionListeners: [org.springframework.test.context.web.ServletTestExecutionListener@20a5c655, org.springframework.test.context.support.DirtiesContextBeforeModesTestExecutionListener@603d4caa, org.springframework.boot.test.autoconfigure.AutoConfigureReportTestExecutionListener@33ef0871, org.springframework.test.context.support.DependencyInjectionTestExecutionListener@60a8b904, org.springframework.test.context.support.DirtiesContextTestExecutionListener@6e315c2a, org.springframework.test.context.transaction.TransactionalTestExecutionListener@6463055a, org.springframework.test.context.jdbc.SqlScriptsTestExecutionListener@2f843527, org.springframework.boot.test.autoconfigure.restdocs.RestDocsTestExecutionListener@a41d94a, org.springframework.boot.test.mock.mockito.MockitoTestExecutionListener@6ef50424, org.springframework.boot.test.mock.mockito.ResetMocksTestExecutionListener@12409575, org.springframework.boot.test.autoconfigure.web.client.MockRestServiceServerResetTestExecutionListener@1ce3a717]
]]></system-out>
  <system-err><![CDATA[]]></system-err>
</testsuite>
