<?xml version="1.0" encoding="UTF-8"?>
<testsuite name="br.com.cafebinario.register.rules.test.FindUserBySecureKeyTest" tests="2" skipped="0" failures="0" errors="0" timestamp="2016-08-10T02:09:36" hostname="BLUEONYOU-VAIO" time="0.222">
  <properties/>
  <testcase name="testThrow" classname="br.com.cafebinario.register.rules.test.FindUserBySecureKeyTest" time="0.213"/>
  <testcase name="test" classname="br.com.cafebinario.register.rules.test.FindUserBySecureKeyTest" time="0.008"/>
  <system-out><![CDATA[2016-08-09 23:09:36.750  INFO 10544 --- [    Test worker] .b.t.c.SpringBootTestContextBootstrapper : Neither @ContextConfiguration nor @ContextHierarchy found for test class [br.com.cafebinario.register.rules.test.FindUserBySecureKeyTest], using SpringBootContextLoader
2016-08-09 23:09:36.751  INFO 10544 --- [    Test worker] o.s.t.c.support.AbstractContextLoader    : Could not detect default resource locations for test class [br.com.cafebinario.register.rules.test.FindUserBySecureKeyTest]: no resource found for suffixes {-context.xml, Context.groovy}.
2016-08-09 23:09:36.757  INFO 10544 --- [    Test worker] .b.t.c.SpringBootTestContextBootstrapper : Loaded default TestExecutionListener class names from location [META-INF/spring.factories]: [org.springframework.boot.test.mock.mockito.MockitoTestExecutionListener, org.springframework.boot.test.mock.mockito.ResetMocksTestExecutionListener, org.springframework.boot.test.autoconfigure.AutoConfigureReportTestExecutionListener, org.springframework.boot.test.autoconfigure.restdocs.RestDocsTestExecutionListener, org.springframework.boot.test.autoconfigure.web.client.MockRestServiceServerResetTestExecutionListener, org.springframework.test.context.web.ServletTestExecutionListener, org.springframework.test.context.support.DirtiesContextBeforeModesTestExecutionListener, org.springframework.test.context.support.DependencyInjectionTestExecutionListener, org.springframework.test.context.support.DirtiesContextTestExecutionListener, org.springframework.test.context.transaction.TransactionalTestExecutionListener, org.springframework.test.context.jdbc.SqlScriptsTestExecutionListener]
2016-08-09 23:09:36.758  INFO 10544 --- [    Test worker] .b.t.c.SpringBootTestContextBootstrapper : Using TestExecutionListeners: [org.springframework.test.context.web.ServletTestExecutionListener@4f0ff937, org.springframework.test.context.support.DirtiesContextBeforeModesTestExecutionListener@5bef535d, org.springframework.boot.test.autoconfigure.AutoConfigureReportTestExecutionListener@4fba02e2, org.springframework.test.context.support.DependencyInjectionTestExecutionListener@73ee6256, org.springframework.test.context.support.DirtiesContextTestExecutionListener@4318fb5d, org.springframework.test.context.transaction.TransactionalTestExecutionListener@624c2dd8, org.springframework.test.context.jdbc.SqlScriptsTestExecutionListener@7d7e8e61, org.springframework.boot.test.autoconfigure.restdocs.RestDocsTestExecutionListener@7d02af4a, org.springframework.boot.test.mock.mockito.MockitoTestExecutionListener@79c461a4, org.springframework.boot.test.mock.mockito.ResetMocksTestExecutionListener@7a65b1a9, org.springframework.boot.test.autoconfigure.web.client.MockRestServiceServerResetTestExecutionListener@73e13502]
]]></system-out>
  <system-err><![CDATA[]]></system-err>
</testsuite>
