<?xml version="1.0" encoding="UTF-8"?>
<testsuite name="br.com.cafebinario.register.rules.test.UserToUserVOTest" tests="1" skipped="0" failures="0" errors="0" timestamp="2016-08-10T02:09:39" hostname="BLUEONYOU-VAIO" time="0.006">
  <properties/>
  <testcase name="test" classname="br.com.cafebinario.register.rules.test.UserToUserVOTest" time="0.006"/>
  <system-out><![CDATA[2016-08-09 23:09:39.574  INFO 10544 --- [    Test worker] .b.t.c.SpringBootTestContextBootstrapper : Neither @ContextConfiguration nor @ContextHierarchy found for test class [br.com.cafebinario.register.rules.test.UserToUserVOTest], using SpringBootContextLoader
2016-08-09 23:09:39.577  INFO 10544 --- [    Test worker] o.s.t.c.support.AbstractContextLoader    : Could not detect default resource locations for test class [br.com.cafebinario.register.rules.test.UserToUserVOTest]: no resource found for suffixes {-context.xml, Context.groovy}.
2016-08-09 23:09:39.586  INFO 10544 --- [    Test worker] .b.t.c.SpringBootTestContextBootstrapper : Loaded default TestExecutionListener class names from location [META-INF/spring.factories]: [org.springframework.boot.test.mock.mockito.MockitoTestExecutionListener, org.springframework.boot.test.mock.mockito.ResetMocksTestExecutionListener, org.springframework.boot.test.autoconfigure.AutoConfigureReportTestExecutionListener, org.springframework.boot.test.autoconfigure.restdocs.RestDocsTestExecutionListener, org.springframework.boot.test.autoconfigure.web.client.MockRestServiceServerResetTestExecutionListener, org.springframework.test.context.web.ServletTestExecutionListener, org.springframework.test.context.support.DirtiesContextBeforeModesTestExecutionListener, org.springframework.test.context.support.DependencyInjectionTestExecutionListener, org.springframework.test.context.support.DirtiesContextTestExecutionListener, org.springframework.test.context.transaction.TransactionalTestExecutionListener, org.springframework.test.context.jdbc.SqlScriptsTestExecutionListener]
2016-08-09 23:09:39.587  INFO 10544 --- [    Test worker] .b.t.c.SpringBootTestContextBootstrapper : Using TestExecutionListeners: [org.springframework.test.context.web.ServletTestExecutionListener@771e7ba5, org.springframework.test.context.support.DirtiesContextBeforeModesTestExecutionListener@639ea114, org.springframework.boot.test.autoconfigure.AutoConfigureReportTestExecutionListener@4d35c91d, org.springframework.test.context.support.DependencyInjectionTestExecutionListener@26486c69, org.springframework.test.context.support.DirtiesContextTestExecutionListener@228fe856, org.springframework.test.context.transaction.TransactionalTestExecutionListener@348f6b12, org.springframework.test.context.jdbc.SqlScriptsTestExecutionListener@571131bf, org.springframework.boot.test.autoconfigure.restdocs.RestDocsTestExecutionListener@32df2410, org.springframework.boot.test.mock.mockito.MockitoTestExecutionListener@6fcfb745, org.springframework.boot.test.mock.mockito.ResetMocksTestExecutionListener@20578655, org.springframework.boot.test.autoconfigure.web.client.MockRestServiceServerResetTestExecutionListener@7e95c729]
]]></system-out>
  <system-err><![CDATA[]]></system-err>
</testsuite>
