<?xml version="1.0" encoding="UTF-8"?>
<testsuite name="br.com.cafebinario.register.test.RegisterUserResourceTest" tests="3" skipped="0" failures="0" errors="0" timestamp="2016-08-10T02:09:45" hostname="BLUEONYOU-VAIO" time="0.761">
  <properties/>
  <testcase name="confirmSUCCESS" classname="br.com.cafebinario.register.test.RegisterUserResourceTest" time="0.508"/>
  <testcase name="lastedTenSUCCESS" classname="br.com.cafebinario.register.test.RegisterUserResourceTest" time="0.164"/>
  <testcase name="registerSUCCESS" classname="br.com.cafebinario.register.test.RegisterUserResourceTest" time="0.084"/>
  <system-out><![CDATA[2016-08-09 23:09:42.331  INFO 10544 --- [    Test worker] o.s.t.c.support.AbstractContextLoader    : Could not detect default resource locations for test class [br.com.cafebinario.register.test.RegisterUserResourceTest]: no resource found for suffixes {-context.xml, Context.groovy}.
2016-08-09 23:09:42.337  INFO 10544 --- [    Test worker] .b.t.c.SpringBootTestContextBootstrapper : Loaded default TestExecutionListener class names from location [META-INF/spring.factories]: [org.springframework.boot.test.mock.mockito.MockitoTestExecutionListener, org.springframework.boot.test.mock.mockito.ResetMocksTestExecutionListener, org.springframework.boot.test.autoconfigure.AutoConfigureReportTestExecutionListener, org.springframework.boot.test.autoconfigure.restdocs.RestDocsTestExecutionListener, org.springframework.boot.test.autoconfigure.web.client.MockRestServiceServerResetTestExecutionListener, org.springframework.test.context.web.ServletTestExecutionListener, org.springframework.test.context.support.DirtiesContextBeforeModesTestExecutionListener, org.springframework.test.context.support.DependencyInjectionTestExecutionListener, org.springframework.test.context.support.DirtiesContextTestExecutionListener, org.springframework.test.context.transaction.TransactionalTestExecutionListener, org.springframework.test.context.jdbc.SqlScriptsTestExecutionListener]
2016-08-09 23:09:42.338  INFO 10544 --- [    Test worker] .b.t.c.SpringBootTestContextBootstrapper : Using TestExecutionListeners: [org.springframework.test.context.web.ServletTestExecutionListener@17a15dd4, org.springframework.test.context.support.DirtiesContextBeforeModesTestExecutionListener@135c596d, org.springframework.boot.test.autoconfigure.AutoConfigureReportTestExecutionListener@539b3053, org.springframework.test.context.support.DependencyInjectionTestExecutionListener@d878dec, org.springframework.test.context.support.DirtiesContextTestExecutionListener@10553e75, org.springframework.test.context.transaction.TransactionalTestExecutionListener@61b38a23, org.springframework.test.context.jdbc.SqlScriptsTestExecutionListener@6ba027ee, org.springframework.boot.test.autoconfigure.restdocs.RestDocsTestExecutionListener@5a793f9b, org.springframework.boot.test.mock.mockito.MockitoTestExecutionListener@63e61437, org.springframework.boot.test.mock.mockito.ResetMocksTestExecutionListener@1e7978fa, org.springframework.boot.test.autoconfigure.web.client.MockRestServiceServerResetTestExecutionListener@740ca38c]

  .   ____          _            __ _ _
 /\\ / ___'_ __ _ _(_)_ __  __ _ \ \ \ \
( ( )\___ | '_ | '_| | '_ \/ _` | \ \ \ \
 \\/  ___)| |_)| | | | | || (_| |  ) ) ) )
  '  |____| .__|_| |_|_| |_\__, | / / / /
 =========|_|==============|___/=/_/_/_/
 :: Spring Boot ::        (v1.4.0.RELEASE)

2016-08-09 23:09:42.384  INFO 10544 --- [    Test worker] b.c.c.r.test.RegisterUserResourceTest    : Starting RegisterUserResourceTest on BLUEONYOU-VAIO with PID 10544 (started by Alexandre in C:\workspace_neon\cafebinario-register)
2016-08-09 23:09:42.385  INFO 10544 --- [    Test worker] b.c.c.r.test.RegisterUserResourceTest    : No active profile set, falling back to default profiles: default
2016-08-09 23:09:42.392  INFO 10544 --- [    Test worker] ationConfigEmbeddedWebApplicationContext : Refreshing org.springframework.boot.context.embedded.AnnotationConfigEmbeddedWebApplicationContext@5af6c0df: startup date [Tue Aug 09 23:09:42 BRT 2016]; root of context hierarchy
2016-08-09 23:09:42.903  INFO 10544 --- [    Test worker] a.ConfigurationClassBeanDefinitionReader : Skipping bean definition for [BeanMethod:name=testRestTemplate,declaringClass=br.com.cafebinario.register.config.JUnitConfig]: a definition for bean 'testRestTemplate' already exists. This top-level bean definition is considered as an override.
2016-08-09 23:09:42.941  INFO 10544 --- [    Test worker] o.s.b.f.s.DefaultListableBeanFactory     : Overriding bean definition for bean 'registerFacade' with a different definition: replacing [Generic bean: class [br.com.cafebinario.register.RegisterFacade]; scope=singleton; abstract=false; lazyInit=false; autowireMode=0; dependencyCheck=0; autowireCandidate=true; primary=false; factoryBeanName=null; factoryMethodName=null; initMethodName=null; destroyMethodName=null; defined in file [C:\workspace_neon\cafebinario-register\build\classes\main\br\com\cafebinario\register\RegisterFacade.class]] with [Root bean: class [br.com.cafebinario.register.RegisterFacade]; scope=; abstract=false; lazyInit=false; autowireMode=0; dependencyCheck=0; autowireCandidate=true; primary=false; factoryBeanName=org.springframework.boot.test.mock.mockito.MockitoPostProcessor; factoryMethodName=createMock; initMethodName=null; destroyMethodName=null]
2016-08-09 23:09:43.000  INFO 10544 --- [    Test worker] trationDelegate$BeanPostProcessorChecker : Bean 'org.springframework.transaction.annotation.ProxyTransactionManagementConfiguration' of type [class org.springframework.transaction.annotation.ProxyTransactionManagementConfiguration$$EnhancerBySpringCGLIB$$2ede8f97] is not eligible for getting processed by all BeanPostProcessors (for example: not eligible for auto-proxying)
2016-08-09 23:09:43.302  INFO 10544 --- [    Test worker] s.b.c.e.t.TomcatEmbeddedServletContainer : Tomcat initialized with port(s): 0 (http)
2016-08-09 23:09:43.319  INFO 10544 --- [    Test worker] o.apache.catalina.core.StandardService   : Starting service Tomcat
2016-08-09 23:09:43.321  INFO 10544 --- [    Test worker] org.apache.catalina.core.StandardEngine  : Starting Servlet Engine: Apache Tomcat/8.5.4
2016-08-09 23:09:43.457  INFO 10544 --- [ost-startStop-1] o.a.c.c.C.[Tomcat].[localhost].[/]       : Initializing Spring embedded WebApplicationContext
2016-08-09 23:09:43.458  INFO 10544 --- [ost-startStop-1] o.s.web.context.ContextLoader            : Root WebApplicationContext: initialization completed in 1066 ms
2016-08-09 23:09:43.657  INFO 10544 --- [ost-startStop-1] o.s.b.w.servlet.ServletRegistrationBean  : Mapping servlet: 'dispatcherServlet' to [/]
2016-08-09 23:09:43.662  INFO 10544 --- [ost-startStop-1] o.s.b.w.servlet.FilterRegistrationBean   : Mapping filter: 'characterEncodingFilter' to: [/*]
2016-08-09 23:09:43.662  INFO 10544 --- [ost-startStop-1] o.s.b.w.servlet.FilterRegistrationBean   : Mapping filter: 'hiddenHttpMethodFilter' to: [/*]
2016-08-09 23:09:43.662  INFO 10544 --- [ost-startStop-1] o.s.b.w.servlet.FilterRegistrationBean   : Mapping filter: 'httpPutFormContentFilter' to: [/*]
2016-08-09 23:09:43.662  INFO 10544 --- [ost-startStop-1] o.s.b.w.servlet.FilterRegistrationBean   : Mapping filter: 'requestContextFilter' to: [/*]
2016-08-09 23:09:43.824  INFO 10544 --- [    Test worker] j.LocalContainerEntityManagerFactoryBean : Building JPA container EntityManagerFactory for persistence unit 'default'
2016-08-09 23:09:43.825  INFO 10544 --- [    Test worker] o.hibernate.jpa.internal.util.LogHelper  : HHH000204: Processing PersistenceUnitInfo [
	name: default
	...]
2016-08-09 23:09:44.225  INFO 10544 --- [    Test worker] org.hibernate.dialect.Dialect            : HHH000400: Using dialect: org.hibernate.dialect.Oracle10gDialect
2016-08-09 23:09:44.272  INFO 10544 --- [    Test worker] org.hibernate.tool.hbm2ddl.SchemaExport  : HHH000227: Running hbm2ddl schema export
2016-08-09 23:09:44.443  INFO 10544 --- [    Test worker] org.hibernate.tool.hbm2ddl.SchemaExport  : HHH000230: Schema export complete
2016-08-09 23:09:44.445  WARN 10544 --- [    Test worker] o.h.j.i.EntityManagerFactoryRegistry     : HHH000436: Entity manager factory name (default) is already registered.  If entity manager will be clustered or passivated, specify a unique value for property 'hibernate.ejb.entitymanager_factory_name'
2016-08-09 23:09:44.445  INFO 10544 --- [    Test worker] j.LocalContainerEntityManagerFactoryBean : Initialized JPA EntityManagerFactory for persistence unit 'default'
2016-08-09 23:09:44.632  INFO 10544 --- [    Test worker] o.h.h.i.QueryTranslatorFactoryInitiator  : HHH000397: Using ASTQueryTranslatorFactory
2016-08-09 23:09:44.775  INFO 10544 --- [    Test worker] s.w.s.m.m.a.RequestMappingHandlerAdapter : Looking for @ControllerAdvice: org.springframework.boot.context.embedded.AnnotationConfigEmbeddedWebApplicationContext@5af6c0df: startup date [Tue Aug 09 23:09:42 BRT 2016]; root of context hierarchy
2016-08-09 23:09:44.795  INFO 10544 --- [    Test worker] s.w.s.m.m.a.RequestMappingHandlerMapping : Mapped "{[/register/new],methods=[POST],consumes=[application/json],produces=[application/json]}" onto public br.com.cafebinario.register.vo.result.ResultVO br.com.cafebinario.register.controller.UserRegistrerController.userRegister(br.com.cafebinario.register.vo.NewUserVO)
2016-08-09 23:09:44.795  INFO 10544 --- [    Test worker] s.w.s.m.m.a.RequestMappingHandlerMapping : Mapped "{[/register/confirm],methods=[PUT]}" onto public void br.com.cafebinario.register.controller.UserRegistrerController.confirmRegister(java.lang.String) throws br.com.cafebinario.exception.ConfirmUserException
2016-08-09 23:09:44.795  INFO 10544 --- [    Test worker] s.w.s.m.m.a.RequestMappingHandlerMapping : Mapped "{[/register/authentication],methods=[POST],consumes=[application/json],produces=[application/json]}" onto public br.com.cafebinario.register.vo.result.ResultVO br.com.cafebinario.register.controller.UserRegistrerController.userAuthentication(br.com.cafebinario.register.vo.UserAuthenticationVO)
2016-08-09 23:09:44.795  INFO 10544 --- [    Test worker] s.w.s.m.m.a.RequestMappingHandlerMapping : Mapped "{[/register],methods=[GET],produces=[application/json]}" onto public br.com.cafebinario.register.vo.result.UserListResultVO br.com.cafebinario.register.controller.UserRegistrerController.lastedTenRegisters()
2016-08-09 23:09:44.798  INFO 10544 --- [    Test worker] s.w.s.m.m.a.RequestMappingHandlerMapping : Mapped "{[/error]}" onto public org.springframework.http.ResponseEntity<java.util.Map<java.lang.String, java.lang.Object>> org.springframework.boot.autoconfigure.web.BasicErrorController.error(javax.servlet.http.HttpServletRequest)
2016-08-09 23:09:44.798  INFO 10544 --- [    Test worker] s.w.s.m.m.a.RequestMappingHandlerMapping : Mapped "{[/error],produces=[text/html]}" onto public org.springframework.web.servlet.ModelAndView org.springframework.boot.autoconfigure.web.BasicErrorController.errorHtml(javax.servlet.http.HttpServletRequest,javax.servlet.http.HttpServletResponse)
2016-08-09 23:09:44.830  INFO 10544 --- [    Test worker] o.s.w.s.handler.SimpleUrlHandlerMapping  : Mapped URL path [/webjars/**] onto handler of type [class org.springframework.web.servlet.resource.ResourceHttpRequestHandler]
2016-08-09 23:09:44.831  INFO 10544 --- [    Test worker] o.s.w.s.handler.SimpleUrlHandlerMapping  : Mapped URL path [/**] onto handler of type [class org.springframework.web.servlet.resource.ResourceHttpRequestHandler]
2016-08-09 23:09:44.867  INFO 10544 --- [    Test worker] o.s.w.s.handler.SimpleUrlHandlerMapping  : Mapped URL path [/**/favicon.ico] onto handler of type [class org.springframework.web.servlet.resource.ResourceHttpRequestHandler]
2016-08-09 23:09:45.111  INFO 10544 --- [    Test worker] s.b.c.e.t.TomcatEmbeddedServletContainer : Tomcat started on port(s): 65268 (http)
2016-08-09 23:09:45.114  INFO 10544 --- [    Test worker] b.c.c.r.test.RegisterUserResourceTest    : Started RegisterUserResourceTest in 2.769 seconds (JVM running for 22.652)
2016-08-09 23:09:45.271  INFO 10544 --- [o-auto-1-exec-1] o.a.c.c.C.[Tomcat].[localhost].[/]       : Initializing Spring FrameworkServlet 'dispatcherServlet'
2016-08-09 23:09:45.271  INFO 10544 --- [o-auto-1-exec-1] o.s.web.servlet.DispatcherServlet        : FrameworkServlet 'dispatcherServlet': initialization started
2016-08-09 23:09:45.300  INFO 10544 --- [o-auto-1-exec-1] o.s.web.servlet.DispatcherServlet        : FrameworkServlet 'dispatcherServlet': initialization completed in 29 ms
]]></system-out>
  <system-err><![CDATA[]]></system-err>
</testsuite>
