<?xml version="1.0" encoding="UTF-8"?>
<testsuite name="br.com.cafebinario.register.rules.test.CreateRegisterUrlTest" tests="1" skipped="0" failures="0" errors="0" timestamp="2016-08-10T02:09:33" hostname="BLUEONYOU-VAIO" time="0.004">
  <properties/>
  <testcase name="test" classname="br.com.cafebinario.register.rules.test.CreateRegisterUrlTest" time="0.004"/>
  <system-out><![CDATA[2016-08-09 23:09:31.314  INFO 10544 --- [    Test worker] .b.t.c.SpringBootTestContextBootstrapper : Neither @ContextConfiguration nor @ContextHierarchy found for test class [br.com.cafebinario.register.rules.test.CreateRegisterUrlTest], using SpringBootContextLoader
2016-08-09 23:09:31.325  INFO 10544 --- [    Test worker] o.s.t.c.support.AbstractContextLoader    : Could not detect default resource locations for test class [br.com.cafebinario.register.rules.test.CreateRegisterUrlTest]: no resource found for suffixes {-context.xml, Context.groovy}.
2016-08-09 23:09:31.339  INFO 10544 --- [    Test worker] .b.t.c.SpringBootTestContextBootstrapper : Loaded default TestExecutionListener class names from location [META-INF/spring.factories]: [org.springframework.boot.test.mock.mockito.MockitoTestExecutionListener, org.springframework.boot.test.mock.mockito.ResetMocksTestExecutionListener, org.springframework.boot.test.autoconfigure.AutoConfigureReportTestExecutionListener, org.springframework.boot.test.autoconfigure.restdocs.RestDocsTestExecutionListener, org.springframework.boot.test.autoconfigure.web.client.MockRestServiceServerResetTestExecutionListener, org.springframework.test.context.web.ServletTestExecutionListener, org.springframework.test.context.support.DirtiesContextBeforeModesTestExecutionListener, org.springframework.test.context.support.DependencyInjectionTestExecutionListener, org.springframework.test.context.support.DirtiesContextTestExecutionListener, org.springframework.test.context.transaction.TransactionalTestExecutionListener, org.springframework.test.context.jdbc.SqlScriptsTestExecutionListener]
2016-08-09 23:09:31.339  INFO 10544 --- [    Test worker] .b.t.c.SpringBootTestContextBootstrapper : Using TestExecutionListeners: [org.springframework.test.context.web.ServletTestExecutionListener@1eb8536, org.springframework.test.context.support.DirtiesContextBeforeModesTestExecutionListener@4119e84e, org.springframework.boot.test.autoconfigure.AutoConfigureReportTestExecutionListener@290d1d1c, org.springframework.test.context.support.DependencyInjectionTestExecutionListener@4c3eb847, org.springframework.test.context.support.DirtiesContextTestExecutionListener@11a156c3, org.springframework.test.context.transaction.TransactionalTestExecutionListener@1f748721, org.springframework.test.context.jdbc.SqlScriptsTestExecutionListener@5e509c2e, org.springframework.boot.test.autoconfigure.restdocs.RestDocsTestExecutionListener@6795fb23, org.springframework.boot.test.mock.mockito.MockitoTestExecutionListener@7c19be5c, org.springframework.boot.test.mock.mockito.ResetMocksTestExecutionListener@47ef7371, org.springframework.boot.test.autoconfigure.web.client.MockRestServiceServerResetTestExecutionListener@1d04364e]

  .   ____          _            __ _ _
 /\\ / ___'_ __ _ _(_)_ __  __ _ \ \ \ \
( ( )\___ | '_ | '_| | '_ \/ _` | \ \ \ \
 \\/  ___)| |_)| | | | | || (_| |  ) ) ) )
  '  |____| .__|_| |_|_| |_\__, | / / / /
 =========|_|==============|___/=/_/_/_/
 :: Spring Boot ::        (v1.4.0.RELEASE)

2016-08-09 23:09:31.402  INFO 10544 --- [    Test worker] b.c.c.r.r.test.CreateRegisterUrlTest     : Starting CreateRegisterUrlTest on BLUEONYOU-VAIO with PID 10544 (started by Alexandre in C:\workspace_neon\cafebinario-register)
2016-08-09 23:09:31.402  INFO 10544 --- [    Test worker] b.c.c.r.r.test.CreateRegisterUrlTest     : No active profile set, falling back to default profiles: default
2016-08-09 23:09:31.408  INFO 10544 --- [    Test worker] o.s.w.c.s.GenericWebApplicationContext   : Refreshing org.springframework.web.context.support.GenericWebApplicationContext@460eeae4: startup date [Tue Aug 09 23:09:31 BRT 2016]; root of context hierarchy
2016-08-09 23:09:32.220  INFO 10544 --- [    Test worker] trationDelegate$BeanPostProcessorChecker : Bean 'org.springframework.transaction.annotation.ProxyTransactionManagementConfiguration' of type [class org.springframework.transaction.annotation.ProxyTransactionManagementConfiguration$$EnhancerBySpringCGLIB$$2ede8f97] is not eligible for getting processed by all BeanPostProcessors (for example: not eligible for auto-proxying)
2016-08-09 23:09:32.396  INFO 10544 --- [    Test worker] j.LocalContainerEntityManagerFactoryBean : Building JPA container EntityManagerFactory for persistence unit 'default'
2016-08-09 23:09:32.396  INFO 10544 --- [    Test worker] o.hibernate.jpa.internal.util.LogHelper  : HHH000204: Processing PersistenceUnitInfo [
	name: default
	...]
2016-08-09 23:09:32.645  INFO 10544 --- [    Test worker] org.hibernate.dialect.Dialect            : HHH000400: Using dialect: org.hibernate.dialect.Oracle10gDialect
2016-08-09 23:09:32.688  INFO 10544 --- [    Test worker] org.hibernate.tool.hbm2ddl.SchemaExport  : HHH000227: Running hbm2ddl schema export
2016-08-09 23:09:32.756  INFO 10544 --- [    Test worker] org.hibernate.tool.hbm2ddl.SchemaExport  : HHH000230: Schema export complete
2016-08-09 23:09:32.757  WARN 10544 --- [    Test worker] o.h.j.i.EntityManagerFactoryRegistry     : HHH000436: Entity manager factory name (default) is already registered.  If entity manager will be clustered or passivated, specify a unique value for property 'hibernate.ejb.entitymanager_factory_name'
2016-08-09 23:09:32.758  INFO 10544 --- [    Test worker] j.LocalContainerEntityManagerFactoryBean : Initialized JPA EntityManagerFactory for persistence unit 'default'
2016-08-09 23:09:32.883  INFO 10544 --- [    Test worker] o.h.h.i.QueryTranslatorFactoryInitiator  : HHH000397: Using ASTQueryTranslatorFactory
2016-08-09 23:09:33.409  INFO 10544 --- [    Test worker] s.w.s.m.m.a.RequestMappingHandlerAdapter : Looking for @ControllerAdvice: org.springframework.web.context.support.GenericWebApplicationContext@460eeae4: startup date [Tue Aug 09 23:09:31 BRT 2016]; root of context hierarchy
2016-08-09 23:09:33.444  INFO 10544 --- [    Test worker] s.w.s.m.m.a.RequestMappingHandlerMapping : Mapped "{[/register/new],methods=[POST],consumes=[application/json],produces=[application/json]}" onto public br.com.cafebinario.register.vo.result.ResultVO br.com.cafebinario.register.controller.UserRegistrerController.userRegister(br.com.cafebinario.register.vo.NewUserVO)
2016-08-09 23:09:33.445  INFO 10544 --- [    Test worker] s.w.s.m.m.a.RequestMappingHandlerMapping : Mapped "{[/register/confirm],methods=[PUT]}" onto public void br.com.cafebinario.register.controller.UserRegistrerController.confirmRegister(java.lang.String) throws br.com.cafebinario.exception.ConfirmUserException
2016-08-09 23:09:33.446  INFO 10544 --- [    Test worker] s.w.s.m.m.a.RequestMappingHandlerMapping : Mapped "{[/register/authentication],methods=[POST],consumes=[application/json],produces=[application/json]}" onto public br.com.cafebinario.register.vo.result.ResultVO br.com.cafebinario.register.controller.UserRegistrerController.userAuthentication(br.com.cafebinario.register.vo.UserAuthenticationVO)
2016-08-09 23:09:33.446  INFO 10544 --- [    Test worker] s.w.s.m.m.a.RequestMappingHandlerMapping : Mapped "{[/register],methods=[GET],produces=[application/json]}" onto public br.com.cafebinario.register.vo.result.UserListResultVO br.com.cafebinario.register.controller.UserRegistrerController.lastedTenRegisters()
2016-08-09 23:09:33.450  INFO 10544 --- [    Test worker] s.w.s.m.m.a.RequestMappingHandlerMapping : Mapped "{[/error]}" onto public org.springframework.http.ResponseEntity<java.util.Map<java.lang.String, java.lang.Object>> org.springframework.boot.autoconfigure.web.BasicErrorController.error(javax.servlet.http.HttpServletRequest)
2016-08-09 23:09:33.451  INFO 10544 --- [    Test worker] s.w.s.m.m.a.RequestMappingHandlerMapping : Mapped "{[/error],produces=[text/html]}" onto public org.springframework.web.servlet.ModelAndView org.springframework.boot.autoconfigure.web.BasicErrorController.errorHtml(javax.servlet.http.HttpServletRequest,javax.servlet.http.HttpServletResponse)
2016-08-09 23:09:33.494  INFO 10544 --- [    Test worker] o.s.w.s.handler.SimpleUrlHandlerMapping  : Mapped URL path [/webjars/**] onto handler of type [class org.springframework.web.servlet.resource.ResourceHttpRequestHandler]
2016-08-09 23:09:33.495  INFO 10544 --- [    Test worker] o.s.w.s.handler.SimpleUrlHandlerMapping  : Mapped URL path [/**] onto handler of type [class org.springframework.web.servlet.resource.ResourceHttpRequestHandler]
2016-08-09 23:09:33.531  INFO 10544 --- [    Test worker] o.s.w.s.handler.SimpleUrlHandlerMapping  : Mapped URL path [/**/favicon.ico] onto handler of type [class org.springframework.web.servlet.resource.ResourceHttpRequestHandler]
2016-08-09 23:09:33.775  INFO 10544 --- [    Test worker] b.c.c.r.r.test.CreateRegisterUrlTest     : Started CreateRegisterUrlTest in 2.424 seconds (JVM running for 11.314)
]]></system-out>
  <system-err><![CDATA[]]></system-err>
</testsuite>
