<?xml version="1.0" encoding="UTF-8"?>
<testsuite name="br.com.cafebinario.register.test.RegisterUserFacadeTest" tests="5" skipped="0" failures="0" errors="0" timestamp="2016-08-10T02:09:42" hostname="BLUEONYOU-VAIO" time="0.099">
  <properties/>
  <testcase name="sendSecureKeyTest" classname="br.com.cafebinario.register.test.RegisterUserFacadeTest" time="0.027"/>
  <testcase name="lastTenTest" classname="br.com.cafebinario.register.test.RegisterUserFacadeTest" time="0.012"/>
  <testcase name="confirmUserTest" classname="br.com.cafebinario.register.test.RegisterUserFacadeTest" time="0.016"/>
  <testcase name="newUserTest" classname="br.com.cafebinario.register.test.RegisterUserFacadeTest" time="0.013"/>
  <testcase name="userHasExistTest" classname="br.com.cafebinario.register.test.RegisterUserFacadeTest" time="0.015"/>
  <system-out><![CDATA[2016-08-09 23:09:39.702  INFO 10544 --- [    Test worker] .b.t.c.SpringBootTestContextBootstrapper : Neither @ContextConfiguration nor @ContextHierarchy found for test class [br.com.cafebinario.register.test.RegisterUserFacadeTest], using SpringBootContextLoader
2016-08-09 23:09:39.703  INFO 10544 --- [    Test worker] o.s.t.c.support.AbstractContextLoader    : Could not detect default resource locations for test class [br.com.cafebinario.register.test.RegisterUserFacadeTest]: no resource found for suffixes {-context.xml, Context.groovy}.
2016-08-09 23:09:39.712  INFO 10544 --- [    Test worker] .b.t.c.SpringBootTestContextBootstrapper : Loaded default TestExecutionListener class names from location [META-INF/spring.factories]: [org.springframework.boot.test.mock.mockito.MockitoTestExecutionListener, org.springframework.boot.test.mock.mockito.ResetMocksTestExecutionListener, org.springframework.boot.test.autoconfigure.AutoConfigureReportTestExecutionListener, org.springframework.boot.test.autoconfigure.restdocs.RestDocsTestExecutionListener, org.springframework.boot.test.autoconfigure.web.client.MockRestServiceServerResetTestExecutionListener, org.springframework.test.context.web.ServletTestExecutionListener, org.springframework.test.context.support.DirtiesContextBeforeModesTestExecutionListener, org.springframework.test.context.support.DependencyInjectionTestExecutionListener, org.springframework.test.context.support.DirtiesContextTestExecutionListener, org.springframework.test.context.transaction.TransactionalTestExecutionListener, org.springframework.test.context.jdbc.SqlScriptsTestExecutionListener]
2016-08-09 23:09:39.713  INFO 10544 --- [    Test worker] .b.t.c.SpringBootTestContextBootstrapper : Using TestExecutionListeners: [org.springframework.test.context.web.ServletTestExecutionListener@51241c3f, org.springframework.test.context.support.DirtiesContextBeforeModesTestExecutionListener@72176fb8, org.springframework.boot.test.autoconfigure.AutoConfigureReportTestExecutionListener@76353eba, org.springframework.test.context.support.DependencyInjectionTestExecutionListener@7511e007, org.springframework.test.context.support.DirtiesContextTestExecutionListener@425cf7e, org.springframework.test.context.transaction.TransactionalTestExecutionListener@4d061aed, org.springframework.test.context.jdbc.SqlScriptsTestExecutionListener@12192d19, org.springframework.boot.test.autoconfigure.restdocs.RestDocsTestExecutionListener@68f2e685, org.springframework.boot.test.mock.mockito.MockitoTestExecutionListener@42069ada, org.springframework.boot.test.mock.mockito.ResetMocksTestExecutionListener@3f2a3105, org.springframework.boot.test.autoconfigure.web.client.MockRestServiceServerResetTestExecutionListener@6480b21c]

  .   ____          _            __ _ _
 /\\ / ___'_ __ _ _(_)_ __  __ _ \ \ \ \
( ( )\___ | '_ | '_| | '_ \/ _` | \ \ \ \
 \\/  ___)| |_)| | | | | || (_| |  ) ) ) )
  '  |____| .__|_| |_|_| |_\__, | / / / /
 =========|_|==============|___/=/_/_/_/
 :: Spring Boot ::        (v1.4.0.RELEASE)

2016-08-09 23:09:39.792  INFO 10544 --- [    Test worker] b.c.c.r.test.RegisterUserFacadeTest      : Starting RegisterUserFacadeTest on BLUEONYOU-VAIO with PID 10544 (started by Alexandre in C:\workspace_neon\cafebinario-register)
2016-08-09 23:09:39.793  INFO 10544 --- [    Test worker] b.c.c.r.test.RegisterUserFacadeTest      : No active profile set, falling back to default profiles: default
2016-08-09 23:09:39.797  INFO 10544 --- [    Test worker] o.s.w.c.s.GenericWebApplicationContext   : Refreshing org.springframework.web.context.support.GenericWebApplicationContext@509430f4: startup date [Tue Aug 09 23:09:39 BRT 2016]; root of context hierarchy
2016-08-09 23:09:40.548  INFO 10544 --- [    Test worker] o.s.b.f.s.DefaultListableBeanFactory     : Overriding bean definition for bean 'createUserRules' with a different definition: replacing [Generic bean: class [br.com.cafebinario.register.rules.CreateUserRules]; scope=singleton; abstract=false; lazyInit=false; autowireMode=0; dependencyCheck=0; autowireCandidate=true; primary=false; factoryBeanName=null; factoryMethodName=null; initMethodName=null; destroyMethodName=null; defined in file [C:\workspace_neon\cafebinario-register\build\classes\main\br\com\cafebinario\register\rules\CreateUserRules.class]] with [Root bean: class [br.com.cafebinario.register.rules.CreateUserRules]; scope=; abstract=false; lazyInit=false; autowireMode=0; dependencyCheck=0; autowireCandidate=true; primary=false; factoryBeanName=org.springframework.boot.test.mock.mockito.MockitoPostProcessor; factoryMethodName=createMock; initMethodName=null; destroyMethodName=null]
2016-08-09 23:09:40.549  INFO 10544 --- [    Test worker] o.s.b.f.s.DefaultListableBeanFactory     : Overriding bean definition for bean 'confimUserRegisterRules' with a different definition: replacing [Generic bean: class [br.com.cafebinario.register.rules.ConfimUserRegisterRules]; scope=singleton; abstract=false; lazyInit=false; autowireMode=0; dependencyCheck=0; autowireCandidate=true; primary=false; factoryBeanName=null; factoryMethodName=null; initMethodName=null; destroyMethodName=null; defined in file [C:\workspace_neon\cafebinario-register\build\classes\main\br\com\cafebinario\register\rules\ConfimUserRegisterRules.class]] with [Root bean: class [br.com.cafebinario.register.rules.ConfimUserRegisterRules]; scope=; abstract=false; lazyInit=false; autowireMode=0; dependencyCheck=0; autowireCandidate=true; primary=false; factoryBeanName=org.springframework.boot.test.mock.mockito.MockitoPostProcessor; factoryMethodName=createMock; initMethodName=null; destroyMethodName=null]
2016-08-09 23:09:40.550  INFO 10544 --- [    Test worker] o.s.b.f.s.DefaultListableBeanFactory     : Overriding bean definition for bean 'findLastTenUsersRules' with a different definition: replacing [Generic bean: class [br.com.cafebinario.register.rules.FindLastTenUsersRules]; scope=singleton; abstract=false; lazyInit=false; autowireMode=0; dependencyCheck=0; autowireCandidate=true; primary=false; factoryBeanName=null; factoryMethodName=null; initMethodName=null; destroyMethodName=null; defined in file [C:\workspace_neon\cafebinario-register\build\classes\main\br\com\cafebinario\register\rules\FindLastTenUsersRules.class]] with [Root bean: class [br.com.cafebinario.register.rules.FindLastTenUsersRules]; scope=; abstract=false; lazyInit=false; autowireMode=0; dependencyCheck=0; autowireCandidate=true; primary=false; factoryBeanName=org.springframework.boot.test.mock.mockito.MockitoPostProcessor; factoryMethodName=createMock; initMethodName=null; destroyMethodName=null]
2016-08-09 23:09:40.551  INFO 10544 --- [    Test worker] o.s.b.f.s.DefaultListableBeanFactory     : Overriding bean definition for bean 'persistUserRules' with a different definition: replacing [Generic bean: class [br.com.cafebinario.register.rules.PersistUserRules]; scope=singleton; abstract=false; lazyInit=false; autowireMode=0; dependencyCheck=0; autowireCandidate=true; primary=false; factoryBeanName=null; factoryMethodName=null; initMethodName=null; destroyMethodName=null; defined in file [C:\workspace_neon\cafebinario-register\build\classes\main\br\com\cafebinario\register\rules\PersistUserRules.class]] with [Root bean: class [br.com.cafebinario.register.rules.PersistUserRules]; scope=; abstract=false; lazyInit=false; autowireMode=0; dependencyCheck=0; autowireCandidate=true; primary=false; factoryBeanName=org.springframework.boot.test.mock.mockito.MockitoPostProcessor; factoryMethodName=createMock; initMethodName=null; destroyMethodName=null]
2016-08-09 23:09:40.551  INFO 10544 --- [    Test worker] o.s.b.f.s.DefaultListableBeanFactory     : Overriding bean definition for bean 'sendSecureKeyRules' with a different definition: replacing [Generic bean: class [br.com.cafebinario.register.rules.SendSecureKeyRules]; scope=singleton; abstract=false; lazyInit=false; autowireMode=0; dependencyCheck=0; autowireCandidate=true; primary=false; factoryBeanName=null; factoryMethodName=null; initMethodName=null; destroyMethodName=null; defined in file [C:\workspace_neon\cafebinario-register\build\classes\main\br\com\cafebinario\register\rules\SendSecureKeyRules.class]] with [Root bean: class [br.com.cafebinario.register.rules.SendSecureKeyRules]; scope=; abstract=false; lazyInit=false; autowireMode=0; dependencyCheck=0; autowireCandidate=true; primary=false; factoryBeanName=org.springframework.boot.test.mock.mockito.MockitoPostProcessor; factoryMethodName=createMock; initMethodName=null; destroyMethodName=null]
2016-08-09 23:09:40.601  INFO 10544 --- [    Test worker] trationDelegate$BeanPostProcessorChecker : Bean 'org.springframework.transaction.annotation.ProxyTransactionManagementConfiguration' of type [class org.springframework.transaction.annotation.ProxyTransactionManagementConfiguration$$EnhancerBySpringCGLIB$$2ede8f97] is not eligible for getting processed by all BeanPostProcessors (for example: not eligible for auto-proxying)
2016-08-09 23:09:40.788  INFO 10544 --- [    Test worker] j.LocalContainerEntityManagerFactoryBean : Building JPA container EntityManagerFactory for persistence unit 'default'
2016-08-09 23:09:40.789  INFO 10544 --- [    Test worker] o.hibernate.jpa.internal.util.LogHelper  : HHH000204: Processing PersistenceUnitInfo [
	name: default
	...]
2016-08-09 23:09:41.094  INFO 10544 --- [    Test worker] org.hibernate.dialect.Dialect            : HHH000400: Using dialect: org.hibernate.dialect.Oracle10gDialect
2016-08-09 23:09:41.179  INFO 10544 --- [    Test worker] org.hibernate.tool.hbm2ddl.SchemaExport  : HHH000227: Running hbm2ddl schema export
2016-08-09 23:09:41.240  INFO 10544 --- [    Test worker] org.hibernate.tool.hbm2ddl.SchemaExport  : HHH000230: Schema export complete
2016-08-09 23:09:41.242  WARN 10544 --- [    Test worker] o.h.j.i.EntityManagerFactoryRegistry     : HHH000436: Entity manager factory name (default) is already registered.  If entity manager will be clustered or passivated, specify a unique value for property 'hibernate.ejb.entitymanager_factory_name'
2016-08-09 23:09:41.242  INFO 10544 --- [    Test worker] j.LocalContainerEntityManagerFactoryBean : Initialized JPA EntityManagerFactory for persistence unit 'default'
2016-08-09 23:09:41.317  INFO 10544 --- [    Test worker] o.h.h.i.QueryTranslatorFactoryInitiator  : HHH000397: Using ASTQueryTranslatorFactory
2016-08-09 23:09:41.845  INFO 10544 --- [    Test worker] s.w.s.m.m.a.RequestMappingHandlerAdapter : Looking for @ControllerAdvice: org.springframework.web.context.support.GenericWebApplicationContext@509430f4: startup date [Tue Aug 09 23:09:39 BRT 2016]; root of context hierarchy
2016-08-09 23:09:41.887  INFO 10544 --- [    Test worker] s.w.s.m.m.a.RequestMappingHandlerMapping : Mapped "{[/register/new],methods=[POST],consumes=[application/json],produces=[application/json]}" onto public br.com.cafebinario.register.vo.result.ResultVO br.com.cafebinario.register.controller.UserRegistrerController.userRegister(br.com.cafebinario.register.vo.NewUserVO)
2016-08-09 23:09:41.887  INFO 10544 --- [    Test worker] s.w.s.m.m.a.RequestMappingHandlerMapping : Mapped "{[/register/confirm],methods=[PUT]}" onto public void br.com.cafebinario.register.controller.UserRegistrerController.confirmRegister(java.lang.String) throws br.com.cafebinario.exception.ConfirmUserException
2016-08-09 23:09:41.888  INFO 10544 --- [    Test worker] s.w.s.m.m.a.RequestMappingHandlerMapping : Mapped "{[/register/authentication],methods=[POST],consumes=[application/json],produces=[application/json]}" onto public br.com.cafebinario.register.vo.result.ResultVO br.com.cafebinario.register.controller.UserRegistrerController.userAuthentication(br.com.cafebinario.register.vo.UserAuthenticationVO)
2016-08-09 23:09:41.889  INFO 10544 --- [    Test worker] s.w.s.m.m.a.RequestMappingHandlerMapping : Mapped "{[/register],methods=[GET],produces=[application/json]}" onto public br.com.cafebinario.register.vo.result.UserListResultVO br.com.cafebinario.register.controller.UserRegistrerController.lastedTenRegisters()
2016-08-09 23:09:41.891  INFO 10544 --- [    Test worker] s.w.s.m.m.a.RequestMappingHandlerMapping : Mapped "{[/error]}" onto public org.springframework.http.ResponseEntity<java.util.Map<java.lang.String, java.lang.Object>> org.springframework.boot.autoconfigure.web.BasicErrorController.error(javax.servlet.http.HttpServletRequest)
2016-08-09 23:09:41.892  INFO 10544 --- [    Test worker] s.w.s.m.m.a.RequestMappingHandlerMapping : Mapped "{[/error],produces=[text/html]}" onto public org.springframework.web.servlet.ModelAndView org.springframework.boot.autoconfigure.web.BasicErrorController.errorHtml(javax.servlet.http.HttpServletRequest,javax.servlet.http.HttpServletResponse)
2016-08-09 23:09:41.937  INFO 10544 --- [    Test worker] o.s.w.s.handler.SimpleUrlHandlerMapping  : Mapped URL path [/webjars/**] onto handler of type [class org.springframework.web.servlet.resource.ResourceHttpRequestHandler]
2016-08-09 23:09:41.938  INFO 10544 --- [    Test worker] o.s.w.s.handler.SimpleUrlHandlerMapping  : Mapped URL path [/**] onto handler of type [class org.springframework.web.servlet.resource.ResourceHttpRequestHandler]
2016-08-09 23:09:41.985  INFO 10544 --- [    Test worker] o.s.w.s.handler.SimpleUrlHandlerMapping  : Mapped URL path [/**/favicon.ico] onto handler of type [class org.springframework.web.servlet.resource.ResourceHttpRequestHandler]
2016-08-09 23:09:42.212  INFO 10544 --- [    Test worker] b.c.c.r.test.RegisterUserFacadeTest      : Started RegisterUserFacadeTest in 2.492 seconds (JVM running for 19.749)
]]></system-out>
  <system-err><![CDATA[]]></system-err>
</testsuite>
