<?xml version="1.0" encoding="UTF-8"?>
<testsuite name="br.com.cafebinario.register.rules.test.FindLastTenUsersTest" tests="1" skipped="0" failures="0" errors="0" timestamp="2016-08-10T02:09:36" hostname="BLUEONYOU-VAIO" time="0.229">
  <properties/>
  <testcase name="test" classname="br.com.cafebinario.register.rules.test.FindLastTenUsersTest" time="0.229"/>
  <system-out><![CDATA[2016-08-09 23:09:33.898  INFO 10544 --- [    Test worker] .b.t.c.SpringBootTestContextBootstrapper : Neither @ContextConfiguration nor @ContextHierarchy found for test class [br.com.cafebinario.register.rules.test.FindLastTenUsersTest], using SpringBootContextLoader
2016-08-09 23:09:33.900  INFO 10544 --- [    Test worker] o.s.t.c.support.AbstractContextLoader    : Could not detect default resource locations for test class [br.com.cafebinario.register.rules.test.FindLastTenUsersTest]: no resource found for suffixes {-context.xml, Context.groovy}.
2016-08-09 23:09:33.908  INFO 10544 --- [    Test worker] .b.t.c.SpringBootTestContextBootstrapper : Loaded default TestExecutionListener class names from location [META-INF/spring.factories]: [org.springframework.boot.test.mock.mockito.MockitoTestExecutionListener, org.springframework.boot.test.mock.mockito.ResetMocksTestExecutionListener, org.springframework.boot.test.autoconfigure.AutoConfigureReportTestExecutionListener, org.springframework.boot.test.autoconfigure.restdocs.RestDocsTestExecutionListener, org.springframework.boot.test.autoconfigure.web.client.MockRestServiceServerResetTestExecutionListener, org.springframework.test.context.web.ServletTestExecutionListener, org.springframework.test.context.support.DirtiesContextBeforeModesTestExecutionListener, org.springframework.test.context.support.DependencyInjectionTestExecutionListener, org.springframework.test.context.support.DirtiesContextTestExecutionListener, org.springframework.test.context.transaction.TransactionalTestExecutionListener, org.springframework.test.context.jdbc.SqlScriptsTestExecutionListener]
2016-08-09 23:09:33.913  INFO 10544 --- [    Test worker] .b.t.c.SpringBootTestContextBootstrapper : Using TestExecutionListeners: [org.springframework.test.context.web.ServletTestExecutionListener@6bbfc7a4, org.springframework.test.context.support.DirtiesContextBeforeModesTestExecutionListener@48ac54b, org.springframework.boot.test.autoconfigure.AutoConfigureReportTestExecutionListener@a7f1d7b, org.springframework.test.context.support.DependencyInjectionTestExecutionListener@6e750611, org.springframework.test.context.support.DirtiesContextTestExecutionListener@7be27e9c, org.springframework.test.context.transaction.TransactionalTestExecutionListener@29105c36, org.springframework.test.context.jdbc.SqlScriptsTestExecutionListener@5b7618aa, org.springframework.boot.test.autoconfigure.restdocs.RestDocsTestExecutionListener@1d75d85b, org.springframework.boot.test.mock.mockito.MockitoTestExecutionListener@758b53f7, org.springframework.boot.test.mock.mockito.ResetMocksTestExecutionListener@5e51509c, org.springframework.boot.test.autoconfigure.web.client.MockRestServiceServerResetTestExecutionListener@3509b0b4]

  .   ____          _            __ _ _
 /\\ / ___'_ __ _ _(_)_ __  __ _ \ \ \ \
( ( )\___ | '_ | '_| | '_ \/ _` | \ \ \ \
 \\/  ___)| |_)| | | | | || (_| |  ) ) ) )
  '  |____| .__|_| |_|_| |_\__, | / / / /
 =========|_|==============|___/=/_/_/_/
 :: Spring Boot ::        (v1.4.0.RELEASE)

2016-08-09 23:09:33.989  INFO 10544 --- [    Test worker] b.c.c.r.rules.test.FindLastTenUsersTest  : Starting FindLastTenUsersTest on BLUEONYOU-VAIO with PID 10544 (started by Alexandre in C:\workspace_neon\cafebinario-register)
2016-08-09 23:09:33.990  INFO 10544 --- [    Test worker] b.c.c.r.rules.test.FindLastTenUsersTest  : No active profile set, falling back to default profiles: default
2016-08-09 23:09:33.999  INFO 10544 --- [    Test worker] o.s.w.c.s.GenericWebApplicationContext   : Refreshing org.springframework.web.context.support.GenericWebApplicationContext@b67b4aa: startup date [Tue Aug 09 23:09:33 BRT 2016]; root of context hierarchy
2016-08-09 23:09:34.971  INFO 10544 --- [    Test worker] trationDelegate$BeanPostProcessorChecker : Bean 'org.springframework.transaction.annotation.ProxyTransactionManagementConfiguration' of type [class org.springframework.transaction.annotation.ProxyTransactionManagementConfiguration$$EnhancerBySpringCGLIB$$2ede8f97] is not eligible for getting processed by all BeanPostProcessors (for example: not eligible for auto-proxying)
2016-08-09 23:09:35.176  INFO 10544 --- [    Test worker] j.LocalContainerEntityManagerFactoryBean : Building JPA container EntityManagerFactory for persistence unit 'default'
2016-08-09 23:09:35.177  INFO 10544 --- [    Test worker] o.hibernate.jpa.internal.util.LogHelper  : HHH000204: Processing PersistenceUnitInfo [
	name: default
	...]
2016-08-09 23:09:35.449  INFO 10544 --- [    Test worker] org.hibernate.dialect.Dialect            : HHH000400: Using dialect: org.hibernate.dialect.Oracle10gDialect
2016-08-09 23:09:35.496  INFO 10544 --- [    Test worker] org.hibernate.tool.hbm2ddl.SchemaExport  : HHH000227: Running hbm2ddl schema export
2016-08-09 23:09:35.567  INFO 10544 --- [    Test worker] org.hibernate.tool.hbm2ddl.SchemaExport  : HHH000230: Schema export complete
2016-08-09 23:09:35.568  WARN 10544 --- [    Test worker] o.h.j.i.EntityManagerFactoryRegistry     : HHH000436: Entity manager factory name (default) is already registered.  If entity manager will be clustered or passivated, specify a unique value for property 'hibernate.ejb.entitymanager_factory_name'
2016-08-09 23:09:35.569  INFO 10544 --- [    Test worker] j.LocalContainerEntityManagerFactoryBean : Initialized JPA EntityManagerFactory for persistence unit 'default'
2016-08-09 23:09:35.685  INFO 10544 --- [    Test worker] o.h.h.i.QueryTranslatorFactoryInitiator  : HHH000397: Using ASTQueryTranslatorFactory
2016-08-09 23:09:36.168  INFO 10544 --- [    Test worker] s.w.s.m.m.a.RequestMappingHandlerAdapter : Looking for @ControllerAdvice: org.springframework.web.context.support.GenericWebApplicationContext@b67b4aa: startup date [Tue Aug 09 23:09:33 BRT 2016]; root of context hierarchy
2016-08-09 23:09:36.199  INFO 10544 --- [    Test worker] s.w.s.m.m.a.RequestMappingHandlerMapping : Mapped "{[/register/new],methods=[POST],consumes=[application/json],produces=[application/json]}" onto public br.com.cafebinario.register.vo.result.ResultVO br.com.cafebinario.register.controller.UserRegistrerController.userRegister(br.com.cafebinario.register.vo.NewUserVO)
2016-08-09 23:09:36.200  INFO 10544 --- [    Test worker] s.w.s.m.m.a.RequestMappingHandlerMapping : Mapped "{[/register/confirm],methods=[PUT]}" onto public void br.com.cafebinario.register.controller.UserRegistrerController.confirmRegister(java.lang.String) throws br.com.cafebinario.exception.ConfirmUserException
2016-08-09 23:09:36.200  INFO 10544 --- [    Test worker] s.w.s.m.m.a.RequestMappingHandlerMapping : Mapped "{[/register/authentication],methods=[POST],consumes=[application/json],produces=[application/json]}" onto public br.com.cafebinario.register.vo.result.ResultVO br.com.cafebinario.register.controller.UserRegistrerController.userAuthentication(br.com.cafebinario.register.vo.UserAuthenticationVO)
2016-08-09 23:09:36.200  INFO 10544 --- [    Test worker] s.w.s.m.m.a.RequestMappingHandlerMapping : Mapped "{[/register],methods=[GET],produces=[application/json]}" onto public br.com.cafebinario.register.vo.result.UserListResultVO br.com.cafebinario.register.controller.UserRegistrerController.lastedTenRegisters()
2016-08-09 23:09:36.203  INFO 10544 --- [    Test worker] s.w.s.m.m.a.RequestMappingHandlerMapping : Mapped "{[/error]}" onto public org.springframework.http.ResponseEntity<java.util.Map<java.lang.String, java.lang.Object>> org.springframework.boot.autoconfigure.web.BasicErrorController.error(javax.servlet.http.HttpServletRequest)
2016-08-09 23:09:36.203  INFO 10544 --- [    Test worker] s.w.s.m.m.a.RequestMappingHandlerMapping : Mapped "{[/error],produces=[text/html]}" onto public org.springframework.web.servlet.ModelAndView org.springframework.boot.autoconfigure.web.BasicErrorController.errorHtml(javax.servlet.http.HttpServletRequest,javax.servlet.http.HttpServletResponse)
2016-08-09 23:09:36.248  INFO 10544 --- [    Test worker] o.s.w.s.handler.SimpleUrlHandlerMapping  : Mapped URL path [/webjars/**] onto handler of type [class org.springframework.web.servlet.resource.ResourceHttpRequestHandler]
2016-08-09 23:09:36.248  INFO 10544 --- [    Test worker] o.s.w.s.handler.SimpleUrlHandlerMapping  : Mapped URL path [/**] onto handler of type [class org.springframework.web.servlet.resource.ResourceHttpRequestHandler]
2016-08-09 23:09:36.286  INFO 10544 --- [    Test worker] o.s.w.s.handler.SimpleUrlHandlerMapping  : Mapped URL path [/**/favicon.ico] onto handler of type [class org.springframework.web.servlet.resource.ResourceHttpRequestHandler]
2016-08-09 23:09:36.511  INFO 10544 --- [    Test worker] b.c.c.r.rules.test.FindLastTenUsersTest  : Started FindLastTenUsersTest in 2.587 seconds (JVM running for 14.05)
]]></system-out>
  <system-err><![CDATA[]]></system-err>
</testsuite>
