<?xml version="1.0" encoding="UTF-8"?>
<testsuite name="br.com.cafebinario.register.rules.test.PersistUserTest" tests="2" skipped="0" failures="0" errors="0" timestamp="2016-08-10T02:09:37" hostname="BLUEONYOU-VAIO" time="0.245">
  <properties/>
  <testcase name="testConstraint" classname="br.com.cafebinario.register.rules.test.PersistUserTest" time="0.199"/>
  <testcase name="testHandle" classname="br.com.cafebinario.register.rules.test.PersistUserTest" time="0.045"/>
  <system-out><![CDATA[2016-08-09 23:09:36.990  INFO 10544 --- [    Test worker] .b.t.c.SpringBootTestContextBootstrapper : Neither @ContextConfiguration nor @ContextHierarchy found for test class [br.com.cafebinario.register.rules.test.PersistUserTest], using SpringBootContextLoader
2016-08-09 23:09:36.990  INFO 10544 --- [    Test worker] o.s.t.c.support.AbstractContextLoader    : Could not detect default resource locations for test class [br.com.cafebinario.register.rules.test.PersistUserTest]: no resource found for suffixes {-context.xml, Context.groovy}.
2016-08-09 23:09:37.097  INFO 10544 --- [    Test worker] .b.t.c.SpringBootTestContextBootstrapper : Loaded default TestExecutionListener class names from location [META-INF/spring.factories]: [org.springframework.boot.test.mock.mockito.MockitoTestExecutionListener, org.springframework.boot.test.mock.mockito.ResetMocksTestExecutionListener, org.springframework.boot.test.autoconfigure.AutoConfigureReportTestExecutionListener, org.springframework.boot.test.autoconfigure.restdocs.RestDocsTestExecutionListener, org.springframework.boot.test.autoconfigure.web.client.MockRestServiceServerResetTestExecutionListener, org.springframework.test.context.web.ServletTestExecutionListener, org.springframework.test.context.support.DirtiesContextBeforeModesTestExecutionListener, org.springframework.test.context.support.DependencyInjectionTestExecutionListener, org.springframework.test.context.support.DirtiesContextTestExecutionListener, org.springframework.test.context.transaction.TransactionalTestExecutionListener, org.springframework.test.context.jdbc.SqlScriptsTestExecutionListener]
2016-08-09 23:09:37.098  INFO 10544 --- [    Test worker] .b.t.c.SpringBootTestContextBootstrapper : Using TestExecutionListeners: [org.springframework.test.context.web.ServletTestExecutionListener@3e494d97, org.springframework.test.context.support.DirtiesContextBeforeModesTestExecutionListener@69826a80, org.springframework.boot.test.autoconfigure.AutoConfigureReportTestExecutionListener@3d86a08e, org.springframework.test.context.support.DependencyInjectionTestExecutionListener@38b8c2f, org.springframework.test.context.support.DirtiesContextTestExecutionListener@775a4c3c, org.springframework.test.context.transaction.TransactionalTestExecutionListener@df6fe3d, org.springframework.test.context.jdbc.SqlScriptsTestExecutionListener@5fcaddd, org.springframework.boot.test.autoconfigure.restdocs.RestDocsTestExecutionListener@5ac9a3b9, org.springframework.boot.test.mock.mockito.MockitoTestExecutionListener@7f573f70, org.springframework.boot.test.mock.mockito.ResetMocksTestExecutionListener@45ea31b1, org.springframework.boot.test.autoconfigure.web.client.MockRestServiceServerResetTestExecutionListener@2518ee94]
]]></system-out>
  <system-err><![CDATA[]]></system-err>
</testsuite>
