<?xml version="1.0" encoding="UTF-8"?>
<testsuite name="br.com.cafebinario.register.rules.test.CreateSecureKeyTest" tests="1" skipped="0" failures="0" errors="0" timestamp="2016-08-10T02:09:33" hostname="BLUEONYOU-VAIO" time="0.047">
  <properties/>
  <testcase name="test" classname="br.com.cafebinario.register.rules.test.CreateSecureKeyTest" time="0.047"/>
  <system-out><![CDATA[2016-08-09 23:09:33.788  INFO 10544 --- [    Test worker] .b.t.c.SpringBootTestContextBootstrapper : Neither @ContextConfiguration nor @ContextHierarchy found for test class [br.com.cafebinario.register.rules.test.CreateSecureKeyTest], using SpringBootContextLoader
2016-08-09 23:09:33.790  INFO 10544 --- [    Test worker] o.s.t.c.support.AbstractContextLoader    : Could not detect default resource locations for test class [br.com.cafebinario.register.rules.test.CreateSecureKeyTest]: no resource found for suffixes {-context.xml, Context.groovy}.
2016-08-09 23:09:33.798  INFO 10544 --- [    Test worker] .b.t.c.SpringBootTestContextBootstrapper : Loaded default TestExecutionListener class names from location [META-INF/spring.factories]: [org.springframework.boot.test.mock.mockito.MockitoTestExecutionListener, org.springframework.boot.test.mock.mockito.ResetMocksTestExecutionListener, org.springframework.boot.test.autoconfigure.AutoConfigureReportTestExecutionListener, org.springframework.boot.test.autoconfigure.restdocs.RestDocsTestExecutionListener, org.springframework.boot.test.autoconfigure.web.client.MockRestServiceServerResetTestExecutionListener, org.springframework.test.context.web.ServletTestExecutionListener, org.springframework.test.context.support.DirtiesContextBeforeModesTestExecutionListener, org.springframework.test.context.support.DependencyInjectionTestExecutionListener, org.springframework.test.context.support.DirtiesContextTestExecutionListener, org.springframework.test.context.transaction.TransactionalTestExecutionListener, org.springframework.test.context.jdbc.SqlScriptsTestExecutionListener]
2016-08-09 23:09:33.798  INFO 10544 --- [    Test worker] .b.t.c.SpringBootTestContextBootstrapper : Using TestExecutionListeners: [org.springframework.test.context.web.ServletTestExecutionListener@5318a046, org.springframework.test.context.support.DirtiesContextBeforeModesTestExecutionListener@23564f50, org.springframework.boot.test.autoconfigure.AutoConfigureReportTestExecutionListener@7eb2abbb, org.springframework.test.context.support.DependencyInjectionTestExecutionListener@388e5b68, org.springframework.test.context.support.DirtiesContextTestExecutionListener@2e82d6af, org.springframework.test.context.transaction.TransactionalTestExecutionListener@3fbf30e0, org.springframework.test.context.jdbc.SqlScriptsTestExecutionListener@54bbabdf, org.springframework.boot.test.autoconfigure.restdocs.RestDocsTestExecutionListener@1ea4ff3b, org.springframework.boot.test.mock.mockito.MockitoTestExecutionListener@26ab75ee, org.springframework.boot.test.mock.mockito.ResetMocksTestExecutionListener@605569eb, org.springframework.boot.test.autoconfigure.web.client.MockRestServiceServerResetTestExecutionListener@69b9d36d]
]]></system-out>
  <system-err><![CDATA[]]></system-err>
</testsuite>
